<?xml version="1.0" encoding="UTF-8"?>
<!-- Generated by org.testng.reporters.JUnitXMLReporter -->
<testsuite hostname="LAPTOP-F3R7CLL6" ignored="0" name="Test Maven Testing" tests="12" failures="0" timestamp="02 Feb 2019 20:34:56 GMT" time="0.063" errors="0">
  <testcase name="add" time="0.014" classname="com.qa.unit.tests.DemoTest"/>
  <testcase name="div" time="0.001" classname="com.qa.unit.tests.DemoTest"/>
  <testcase name="multi" time="0.001" classname="com.qa.unit.tests.DemoTest"/>
  <testcase name="sub" time="0.0" classname="com.qa.unit.tests.DemoTest"/>
  <testcase name="add" time="0.0" classname="com.qa.unit.tests.DemoTest1"/>
  <testcase name="div" time="0.0" classname="com.qa.unit.tests.DemoTest1"/>
  <testcase name="multi" time="0.0" classname="com.qa.unit.tests.DemoTest1"/>
  <testcase name="sub" time="0.0" classname="com.qa.unit.tests.DemoTest1"/>
  <testcase name="add" time="0.003" classname="com.qa.unit.tests.DemoTest2"/>
  <testcase name="div" time="0.001" classname="com.qa.unit.tests.DemoTest2"/>
  <testcase name="multi" time="0.001" classname="com.qa.unit.tests.DemoTest2"/>
  <testcase name="sub" time="0.0" classname="com.qa.unit.tests.DemoTest2"/>
</testsuite> <!-- Test Maven Testing -->
