<?xml version="1.0" encoding="UTF-8"?>
<testng-results skipped="0" failed="0" ignored="0" total="12" passed="12">
  <reporter-output>
  </reporter-output>
  <suite name="Test Maven Suite" duration-ms="63" started-at="2019-02-02T20:34:55Z" finished-at="2019-02-02T20:34:55Z">
    <groups>
    </groups>
    <test name="Test Maven Testing" duration-ms="63" started-at="2019-02-02T20:34:55Z" finished-at="2019-02-02T20:34:55Z">
      <class name="com.qa.unit.tests.DemoTest2">
        <test-method status="PASS" signature="add()[pri:0, instance:com.qa.unit.tests.DemoTest2@154909b]" name="add" duration-ms="3" started-at="2019-02-02T20:34:55Z" finished-at="2019-02-02T20:34:55Z">
          <reporter-output>
          </reporter-output>
        </test-method> <!-- add -->
        <test-method status="PASS" signature="div()[pri:0, instance:com.qa.unit.tests.DemoTest2@154909b]" name="div" duration-ms="1" started-at="2019-02-02T20:34:55Z" finished-at="2019-02-02T20:34:55Z">
          <reporter-output>
          </reporter-output>
        </test-method> <!-- div -->
        <test-method status="PASS" signature="multi()[pri:0, instance:com.qa.unit.tests.DemoTest2@154909b]" name="multi" duration-ms="1" started-at="2019-02-02T20:34:55Z" finished-at="2019-02-02T20:34:55Z">
          <reporter-output>
          </reporter-output>
        </test-method> <!-- multi -->
        <test-method status="PASS" signature="sub()[pri:0, instance:com.qa.unit.tests.DemoTest2@154909b]" name="sub" duration-ms="0" started-at="2019-02-02T20:34:55Z" finished-at="2019-02-02T20:34:55Z">
          <reporter-output>
          </reporter-output>
        </test-method> <!-- sub -->
      </class> <!-- com.qa.unit.tests.DemoTest2 -->
      <class name="com.qa.unit.tests.DemoTest1">
        <test-method status="PASS" signature="add()[pri:0, instance:com.qa.unit.tests.DemoTest1@108b2d7]" name="add" duration-ms="0" started-at="2019-02-02T20:34:55Z" finished-at="2019-02-02T20:34:55Z">
          <reporter-output>
          </reporter-output>
        </test-method> <!-- add -->
        <test-method status="PASS" signature="div()[pri:0, instance:com.qa.unit.tests.DemoTest1@108b2d7]" name="div" duration-ms="0" started-at="2019-02-02T20:34:55Z" finished-at="2019-02-02T20:34:55Z">
          <reporter-output>
          </reporter-output>
        </test-method> <!-- div -->
        <test-method status="PASS" signature="multi()[pri:0, instance:com.qa.unit.tests.DemoTest1@108b2d7]" name="multi" duration-ms="0" started-at="2019-02-02T20:34:55Z" finished-at="2019-02-02T20:34:55Z">
          <reporter-output>
          </reporter-output>
        </test-method> <!-- multi -->
        <test-method status="PASS" signature="sub()[pri:0, instance:com.qa.unit.tests.DemoTest1@108b2d7]" name="sub" duration-ms="0" started-at="2019-02-02T20:34:55Z" finished-at="2019-02-02T20:34:55Z">
          <reporter-output>
          </reporter-output>
        </test-method> <!-- sub -->
      </class> <!-- com.qa.unit.tests.DemoTest1 -->
      <class name="com.qa.unit.tests.DemoTest">
        <test-method status="PASS" signature="add()[pri:0, instance:com.qa.unit.tests.DemoTest@df4efb]" name="add" duration-ms="14" started-at="2019-02-02T20:34:55Z" finished-at="2019-02-02T20:34:55Z">
          <reporter-output>
          </reporter-output>
        </test-method> <!-- add -->
        <test-method status="PASS" signature="div()[pri:0, instance:com.qa.unit.tests.DemoTest@df4efb]" name="div" duration-ms="1" started-at="2019-02-02T20:34:55Z" finished-at="2019-02-02T20:34:55Z">
          <reporter-output>
          </reporter-output>
        </test-method> <!-- div -->
        <test-method status="PASS" signature="multi()[pri:0, instance:com.qa.unit.tests.DemoTest@df4efb]" name="multi" duration-ms="1" started-at="2019-02-02T20:34:55Z" finished-at="2019-02-02T20:34:55Z">
          <reporter-output>
          </reporter-output>
        </test-method> <!-- multi -->
        <test-method status="PASS" signature="sub()[pri:0, instance:com.qa.unit.tests.DemoTest@df4efb]" name="sub" duration-ms="0" started-at="2019-02-02T20:34:55Z" finished-at="2019-02-02T20:34:55Z">
          <reporter-output>
          </reporter-output>
        </test-method> <!-- sub -->
      </class> <!-- com.qa.unit.tests.DemoTest -->
    </test> <!-- Test Maven Testing -->
  </suite> <!-- Test Maven Suite -->
</testng-results>
